<?xml version="1.0" encoding="UTF-8"?>
<!-- Generated by org.testng.reporters.JUnitXMLReporter -->
<testsuite hostname="Acer-PC" tests="6" failures="0" timestamp="10 Dec 2014 18:19:11 GMT" time="0.046" errors="0">
  <testcase name="dataTest" time="0.003" classname="CalculatorTest"/>
  <testcase name="dataTest" time="0.0" classname="CalculatorTest"/>
  <testcase name="dataTest" time="0.0" classname="CalculatorTest"/>
  <testcase name="dataTest" time="0.0" classname="CalculatorTest"/>
  <testcase name="dataTest" time="0.0" classname="CalculatorTest"/>
  <testcase name="summTest" time="0.0" classname="CalculatorTest"/>
</testsuite>
