<?xml version="1.0" encoding="UTF-8"?>
<testng-results skipped="0" failed="0" total="6" passed="6">
  <reporter-output>
  </reporter-output>
  <suite name="CalculatorTest" duration-ms="46" started-at="2014-12-10T18:19:11Z" finished-at="2014-12-10T18:19:11Z">
    <groups>
    </groups>
    <test name="Command line test" duration-ms="46" started-at="2014-12-10T18:19:11Z" finished-at="2014-12-10T18:19:11Z">
      <class name="CalculatorTest">
        <test-method status="PASS" signature="setup()[pri:0, instance:CalculatorTest@6738b554]" name="setup" is-config="true" duration-ms="9" started-at="2014-12-10T21:19:11Z" finished-at="2014-12-10T21:19:11Z">
          <reporter-output>
          </reporter-output>
        </test-method> <!-- setup -->
        <test-method status="PASS" signature="dataTest(java.lang.String, java.lang.String, java.lang.String)[pri:0, instance:CalculatorTest@6738b554]" name="dataTest" duration-ms="3" started-at="2014-12-10T21:19:11Z" data-provider="calcData" finished-at="2014-12-10T21:19:11Z">
          <params>
            <param index="0">
              <value>
                <![CDATA[0]]>
              </value>
            </param>
            <param index="1">
              <value>
                <![CDATA[0]]>
              </value>
            </param>
            <param index="2">
              <value>
                <![CDATA[0]]>
              </value>
            </param>
          </params>
          <reporter-output>
          </reporter-output>
        </test-method> <!-- dataTest -->
        <test-method status="PASS" signature="dataTest(java.lang.String, java.lang.String, java.lang.String)[pri:0, instance:CalculatorTest@6738b554]" name="dataTest" duration-ms="0" started-at="2014-12-10T21:19:11Z" data-provider="calcData" finished-at="2014-12-10T21:19:11Z">
          <params>
            <param index="0">
              <value>
                <![CDATA[2]]>
              </value>
            </param>
            <param index="1">
              <value>
                <![CDATA[3]]>
              </value>
            </param>
            <param index="2">
              <value>
                <![CDATA[5]]>
              </value>
            </param>
          </params>
          <reporter-output>
          </reporter-output>
        </test-method> <!-- dataTest -->
        <test-method status="PASS" signature="setup()[pri:0, instance:CalculatorTest@6738b554]" name="setup" is-config="true" duration-ms="0" started-at="2014-12-10T21:19:11Z" finished-at="2014-12-10T21:19:11Z">
          <reporter-output>
          </reporter-output>
        </test-method> <!-- setup -->
        <test-method status="PASS" signature="setup()[pri:0, instance:CalculatorTest@6738b554]" name="setup" is-config="true" duration-ms="1" started-at="2014-12-10T21:19:11Z" finished-at="2014-12-10T21:19:11Z">
          <reporter-output>
          </reporter-output>
        </test-method> <!-- setup -->
        <test-method status="PASS" signature="setup()[pri:0, instance:CalculatorTest@6738b554]" name="setup" is-config="true" duration-ms="0" started-at="2014-12-10T21:19:11Z" finished-at="2014-12-10T21:19:11Z">
          <reporter-output>
          </reporter-output>
        </test-method> <!-- setup -->
        <test-method status="PASS" signature="dataTest(java.lang.String, java.lang.String, java.lang.String)[pri:0, instance:CalculatorTest@6738b554]" name="dataTest" duration-ms="0" started-at="2014-12-10T21:19:11Z" data-provider="calcData" finished-at="2014-12-10T21:19:11Z">
          <params>
            <param index="0">
              <value>
                <![CDATA[10]]>
              </value>
            </param>
            <param index="1">
              <value>
                <![CDATA[-7]]>
              </value>
            </param>
            <param index="2">
              <value>
                <![CDATA[3]]>
              </value>
            </param>
          </params>
          <reporter-output>
          </reporter-output>
        </test-method> <!-- dataTest -->
        <test-method status="PASS" signature="dataTest(java.lang.String, java.lang.String, java.lang.String)[pri:0, instance:CalculatorTest@6738b554]" name="dataTest" duration-ms="0" started-at="2014-12-10T21:19:11Z" data-provider="calcData" finished-at="2014-12-10T21:19:11Z">
          <params>
            <param index="0">
              <value>
                <![CDATA[20]]>
              </value>
            </param>
            <param index="1">
              <value>
                <![CDATA[17]]>
              </value>
            </param>
            <param index="2">
              <value>
                <![CDATA[37]]>
              </value>
            </param>
          </params>
          <reporter-output>
          </reporter-output>
        </test-method> <!-- dataTest -->
        <test-method status="PASS" signature="setup()[pri:0, instance:CalculatorTest@6738b554]" name="setup" is-config="true" duration-ms="0" started-at="2014-12-10T21:19:11Z" finished-at="2014-12-10T21:19:11Z">
          <reporter-output>
          </reporter-output>
        </test-method> <!-- setup -->
        <test-method status="PASS" signature="dataTest(java.lang.String, java.lang.String, java.lang.String)[pri:0, instance:CalculatorTest@6738b554]" name="dataTest" duration-ms="0" started-at="2014-12-10T21:19:11Z" data-provider="calcData" finished-at="2014-12-10T21:19:11Z">
          <params>
            <param index="0">
              <value>
                <![CDATA[90]]>
              </value>
            </param>
            <param index="1">
              <value>
                <![CDATA[-70]]>
              </value>
            </param>
            <param index="2">
              <value>
                <![CDATA[20]]>
              </value>
            </param>
          </params>
          <reporter-output>
          </reporter-output>
        </test-method> <!-- dataTest -->
        <test-method status="PASS" signature="setup()[pri:0, instance:CalculatorTest@6738b554]" name="setup" is-config="true" duration-ms="1" started-at="2014-12-10T21:19:11Z" finished-at="2014-12-10T21:19:11Z">
          <reporter-output>
          </reporter-output>
        </test-method> <!-- setup -->
        <test-method status="PASS" signature="summTest(int, int, double)[pri:0, instance:CalculatorTest@6738b554]" name="summTest" duration-ms="0" started-at="2014-12-10T21:19:11Z" description="Test for summ func of Calculator" finished-at="2014-12-10T21:19:11Z">
          <params>
            <param index="0">
              <value>
                <![CDATA[10]]>
              </value>
            </param>
            <param index="1">
              <value>
                <![CDATA[5]]>
              </value>
            </param>
            <param index="2">
              <value>
                <![CDATA[15.0]]>
              </value>
            </param>
          </params>
          <reporter-output>
          </reporter-output>
        </test-method> <!-- summTest -->
      </class> <!-- CalculatorTest -->
    </test> <!-- Command line test -->
  </suite> <!-- CalculatorTest -->
</testng-results>
